<?xml version="1.0" encoding="UTF-8" ?>
<testsuite errors="1" failures="0" hostname="ubuntu" name="it.unica.ProgettoBalneare.Repos.UserRepoTest" skipped="0" tests="1" time="0.092" timestamp="2021-09-01T22:13:11">
  <properties>
    <property name="libs.jsp-compiler.javadoc" value="" />
    <property name="netbeans.autoupdate.country" value="US" />
    <property name="nb.wait.for.caches" value="true" />
    <property name="javac.test.classpath" value="CustomLibs/javaee-api-8.0.jar:CustomLibs/json-taglib-0.4.1.jar:CustomLibs/postgresql-42.2.23.jar:build/web/WEB-INF/classes:/home/fpw/netbeans-12.0/netbeans/platform/modules/ext/junit-4.12.jar" />
    <property name="libs.jsf20.maven-pom" value="" />
    <property name="j2ee.copy.static.files.on.save" value="true" />
    <property name="source.root" value="src" />
    <property name="do.display.browser" value="true" />
    <property name="maven.defaultProjectBuilder.disableGlobalModelCache" value="true" />
    <property name="libs.spring-webmvc4.0.src" value="" />
    <property name="ant.core.lib" value="/home/fpw/netbeans-12.0/netbeans/extide/ant/lib/ant.jar" />
    <property name="javadoc.windowtitle" value="" />
    <property name="libs.jsp-compilation.javadoc" value="" />
    <property name="user.dir" value="/home/fpw/NetBeansProjects/ProgettoBalneare" />
    <property name="libs.javaee-api-7.0.src" value="" />
    <property name="java.vm.version" value="25.281-b09" />
    <property name="no.dependencies" value="false" />
    <property name="libs.eclipselinkmodelgen.src" value="" />
    <property name="javadoc.notree" value="false" />
    <property name="lib.dir" value="web/WEB-INF/lib" />
    <property name="netbeans.autoupdate.version" value="1.23" />
    <property name="libs.EclipseLink-GlassFish-v3.classpath" value="/home/fpw/GlassFish_Server/glassfish/modules/org.eclipse.persistence.oracle.jar:/home/fpw/GlassFish_Server/glassfish/modules/org.eclipse.persistence.asm.jar:/home/fpw/GlassFish_Server/glassfish/modules/org.eclipse.persistence.dbws.jar:/home/fpw/GlassFish_Server/glassfish/modules/org.eclipse.persistence.antlr.jar:/home/fpw/GlassFish_Server/glassfish/modules/org.eclipse.persistence.jpa.jpql.jar:/home/fpw/GlassFish_Server/glassfish/modules/org.eclipse.persistence.jpa.jar:/home/fpw/GlassFish_Server/glassfish/modules/org.eclipse.persistence.core.jar:/home/fpw/GlassFish_Server/glassfish/modules/org.eclipse.persistence.jpa.modelgen.processor.jar:/home/fpw/GlassFish_Server/glassfish/modules/org.eclipse.persistence.moxy.jar" />
    <property name="netbeans.running.environment" value="gnome" />
    <property name="libs.javaee-web-api-6.0.classpath" value="/home/fpw/netbeans-12.0/netbeans/enterprise/modules/ext/javaee-web-api-6.0.jar" />
    <property name="libs.Java-EE-GlassFish-v3-Prelude.javadoc" value="/home/fpw/netbeans-12.0/netbeans/enterprise/docs/javaee-doc-api.jar" />
    <property name="jdk.home" value="/home/fpw/jdk-8u281-linux-x64/jdk1.8.0_281" />
    <property name="libs.javac-api.src" value="" />
    <property name="javadoc.noindex" value="false" />
    <property name="sun.os.patch.level" value="unknown" />
    <property name="libs.Java-EE-GlassFish-v3-Prelude.src" value="" />
    <property name="do.tmp.war.package" value="true" />
    <property name="java.vm.specification.name" value="Java Virtual Machine Specification" />
    <property name="nb.show.statistics.ui" value="usageStatisticsEnabled" />
    <property name="netbeans.autoupdate.variant" value="" />
    <property name="have.tests" value="true" />
    <property name="org.xml.sax.driver" value="com.sun.org.apache.xerces.internal.jaxp.SAXParserImpl$JAXPSAXParser" />
    <property name="libs.hamcrest.classpath" value="/home/fpw/netbeans-12.0/netbeans/platform/modules/ext/hamcrest-core-1.3.jar" />
    <property name="j2ee.server.instance" value="[/home/fpw/GlassFish_Server/glassfish:/home/fpw/GlassFish_Server/glassfish/domains/domain1]deployer:gfv5ee8:localhost:4848" />
    <property name="libs.javac-api.javadoc" value="" />
    <property name="os.name" value="Linux" />
    <property name="jdk.gtk.version" value="2.2" />
    <property name="libs.javaee-endorsed-api-7.0.maven-pom" value="" />
    <property name="ap.proc.none.internal" value="" />
    <property name="libs.restapi.javadoc" value="" />
    <property name="libs.JWSAntTasks.maven-pom" value="" />
    <property name="libs.jstl.classpath" value="/home/fpw/netbeans-12.0/netbeans/enterprise/modules/ext/jstl-impl.jar:/home/fpw/netbeans-12.0/netbeans/enterprise/modules/ext/jstl-api.jar" />
    <property name="libs.testng.src" value="" />
    <property name="libs.spring-webmvc3.0.src" value="" />
    <property name="libs.restapi.classpath" value="/home/fpw/netbeans-12.0/netbeans/enterprise/modules/ext/jaxrs-2.0/javax.ws.rs-api-2.0.jar" />
    <property name="runmain.jvmargs" value="" />
    <property name="java.vendor.url.bug" value="http://bugreport.sun.com/bugreport/" />
    <property name="libs.jaxb.maven-pom" value="" />
    <property name="os.arch" value="amd64" />
    <property name="libs.eclipselink.src" value="" />
    <property name="user.name" value="fpw" />
    <property name="j2ee.compile.on.save" value="true" />
    <property name="libs.jsf12.javadoc" value="/home/fpw/netbeans-12.0/netbeans/enterprise/docs/javaee-doc-api.jar" />
    <property name="libs.Comet-GlassFish-v3.javadoc" value="" />
    <property name="libs.spring-webmvc5.0.javadoc" value="" />
    <property name="libs.spring-framework500.classpath" value="/home/fpw/netbeans-12.0/netbeans/platform/modules/org-apache-commons-logging.jar:/home/fpw/netbeans-12.0/netbeans/java/modules/ext/cglib-2.2.jar:/home/fpw/netbeans-12.0/netbeans/java/modules/ext/spring-5/spring-aop-5.2.2.RELEASE.jar:/home/fpw/netbeans-12.0/netbeans/java/modules/ext/spring-5/spring-aspects-5.2.2.RELEASE.jar:/home/fpw/netbeans-12.0/netbeans/java/modules/ext/spring-5/spring-beans-5.2.2.RELEASE.jar:/home/fpw/netbeans-12.0/netbeans/java/modules/ext/spring-5/spring-context-5.2.2.RELEASE.jar:/home/fpw/netbeans-12.0/netbeans/java/modules/ext/spring-5/spring-context-indexer-5.2.2.RELEASE.jar:/home/fpw/netbeans-12.0/netbeans/java/modules/ext/spring-5/spring-context-support-5.2.2.RELEASE.jar:/home/fpw/netbeans-12.0/netbeans/java/modules/ext/spring-5/spring-core-5.2.2.RELEASE.jar:/home/fpw/netbeans-12.0/netbeans/java/modules/ext/spring-5/spring-expression-5.2.2.RELEASE.jar:/home/fpw/netbeans-12.0/netbeans/java/modules/ext/spring-5/spring-instrument-5.2.2.RELEASE.jar:/home/fpw/netbeans-12.0/netbeans/java/modules/ext/spring-5/spring-jcl-5.2.2.RELEASE.jar:/home/fpw/netbeans-12.0/netbeans/java/modules/ext/spring-5/spring-jdbc-5.2.2.RELEASE.jar:/home/fpw/netbeans-12.0/netbeans/java/modules/ext/spring-5/spring-jms-5.2.2.RELEASE.jar:/home/fpw/netbeans-12.0/netbeans/java/modules/ext/spring-5/spring-messaging-5.2.2.RELEASE.jar:/home/fpw/netbeans-12.0/netbeans/java/modules/ext/spring-5/spring-orm-5.2.2.RELEASE.jar:/home/fpw/netbeans-12.0/netbeans/java/modules/ext/spring-5/spring-oxm-5.2.2.RELEASE.jar:/home/fpw/netbeans-12.0/netbeans/java/modules/ext/spring-5/spring-test-5.2.2.RELEASE.jar:/home/fpw/netbeans-12.0/netbeans/java/modules/ext/spring-5/spring-tx-5.2.2.RELEASE.jar:/home/fpw/netbeans-12.0/netbeans/java/modules/ext/spring-5/spring-web-5.2.2.RELEASE.jar:/home/fpw/netbeans-12.0/netbeans/java/modules/ext/spring-5/spring-webflux-5.2.2.RELEASE.jar:/home/fpw/netbeans-12.0/netbeans/java/modules/ext/spring-5/spring-webmvc-5.2.2.RELEASE.jar:/home/fpw/netbeans-12.0/netbeans/java/modules/ext/spring-5/spring-websocket-5.2.2.RELEASE.jar" />
    <property name="libs.spring-webmvc3.0.maven-pom" value="" />
    <property name="sun.java.command" value="org.apache.tools.ant.taskdefs.optional.junit.JUnitTestRunner it.unica.ProgettoBalneare.Repos.UserRepoTest skipNonTests=false filtertrace=true haltOnError=false haltOnFailure=false showoutput=true outputtoformatters=true logfailedtests=true threadid=0 logtestlistenerevents=true formatter=org.apache.tools.ant.taskdefs.optional.junit.BriefJUnitResultFormatter formatter=org.apache.tools.ant.taskdefs.optional.junit.XMLJUnitResultFormatter,/home/fpw/NetBeansProjects/ProgettoBalneare/build/test/results/TEST-it.unica.ProgettoBalneare.Repos.UserRepoTest.xml crashfile=/home/fpw/NetBeansProjects/ProgettoBalneare/build/junitvmwatcher1969477683464089017.properties propsfile=/home/fpw/NetBeansProjects/ProgettoBalneare/build/junit5974824791731517013.properties" />
    <property name="build.classes.dir" value="build/web/WEB-INF/classes" />
    <property name="ap.supported.internal" value="true" />
    <property name="libs.javaee-api-8.0.maven-pom" value="" />
    <property name="libs.javaee-endorsed-api-7.0.javadoc" value="/home/fpw/netbeans-12.0/netbeans/enterprise/docs/javaee-doc-api.jar" />
    <property name="libs.jaxws21.javadoc" value="/home/fpw/netbeans-12.0/netbeans/java/docs/jaxws-api-doc.zip" />
    <property name="libs.spring-webmvc4.0.javadoc" value="" />
    <property name="build.web.excludes" value="**/*.java,**/*.form" />
    <property name="includes" value="**" />
    <property name="j2ee.platform.wsimport.classpath" value="/home/fpw/GlassFish_Server/glassfish/modules/webservices-osgi.jar:/home/fpw/GlassFish_Server/glassfish/modules/endorsed/webservices-api-osgi.jar:/home/fpw/GlassFish_Server/glassfish/modules/jaxb-osgi.jar" />
    <property name="browser.context" value="/home/fpw/NetBeansProjects/ProgettoBalneare" />
    <property name="user.country" value="US" />
    <property name="javadoc.encoding" value="UTF-8" />
    <property name="javac.classpath" value="CustomLibs/javaee-api-8.0.jar:CustomLibs/json-taglib-0.4.1.jar:CustomLibs/postgresql-42.2.23.jar" />
    <property name="libs.jsp-compilation-syscp.src" value="" />
    <property name="libs.JAVADB_DRIVER_LABEL.src" value="" />
    <property name="libs.spring-framework400.classpath" value="/home/fpw/netbeans-12.0/netbeans/platform/modules/org-apache-commons-logging.jar:/home/fpw/netbeans-12.0/netbeans/java/modules/ext/cglib-2.2.jar:/home/fpw/netbeans-12.0/netbeans/java/modules/ext/spring-4/spring-aop-4.3.25.RELEASE.jar:/home/fpw/netbeans-12.0/netbeans/java/modules/ext/spring-4/spring-aspects-4.3.25.RELEASE.jar:/home/fpw/netbeans-12.0/netbeans/java/modules/ext/spring-4/spring-beans-4.3.25.RELEASE.jar:/home/fpw/netbeans-12.0/netbeans/java/modules/ext/spring-4/spring-context-4.3.25.RELEASE.jar:/home/fpw/netbeans-12.0/netbeans/java/modules/ext/spring-4/spring-context-support-4.3.25.RELEASE.jar:/home/fpw/netbeans-12.0/netbeans/java/modules/ext/spring-4/spring-core-4.3.25.RELEASE.jar:/home/fpw/netbeans-12.0/netbeans/java/modules/ext/spring-4/spring-expression-4.3.25.RELEASE.jar:/home/fpw/netbeans-12.0/netbeans/java/modules/ext/spring-4/spring-instrument-4.3.25.RELEASE.jar:/home/fpw/netbeans-12.0/netbeans/java/modules/ext/spring-4/spring-instrument-tomcat-4.3.25.RELEASE.jar:/home/fpw/netbeans-12.0/netbeans/java/modules/ext/spring-4/spring-jdbc-4.3.25.RELEASE.jar:/home/fpw/netbeans-12.0/netbeans/java/modules/ext/spring-4/spring-jms-4.3.25.RELEASE.jar:/home/fpw/netbeans-12.0/netbeans/java/modules/ext/spring-4/spring-messaging-4.3.25.RELEASE.jar:/home/fpw/netbeans-12.0/netbeans/java/modules/ext/spring-4/spring-orm-4.3.25.RELEASE.jar:/home/fpw/netbeans-12.0/netbeans/java/modules/ext/spring-4/spring-oxm-4.3.25.RELEASE.jar:/home/fpw/netbeans-12.0/netbeans/java/modules/ext/spring-4/spring-test-4.3.25.RELEASE.jar:/home/fpw/netbeans-12.0/netbeans/java/modules/ext/spring-4/spring-tx-4.3.25.RELEASE.jar:/home/fpw/netbeans-12.0/netbeans/java/modules/ext/spring-4/spring-web-4.3.25.RELEASE.jar:/home/fpw/netbeans-12.0/netbeans/java/modules/ext/spring-4/spring-webmvc-4.3.25.RELEASE.jar:/home/fpw/netbeans-12.0/netbeans/java/modules/ext/spring-4/spring-webmvc-portlet-4.3.25.RELEASE.jar:/home/fpw/netbeans-12.0/netbeans/java/modules/ext/spring-4/spring-websocket-4.3.25.RELEASE.jar" />
    <property name="do.debug.server" value="true" />
    <property name="debug-transport" value="dt_socket" />
    <property name="netbeans.home" value="/home/fpw/netbeans-12.0/netbeans/platform" />
    <property name="build.compiler.emacs" value="true" />
    <property name="libs.javaee-web-api-6.0.src" value="" />
    <property name="libs.jsp-compilation-syscp.classpath" value="/home/fpw/netbeans-12.0/netbeans/extide/ant/lib/ant.jar:/home/fpw/netbeans-12.0/netbeans/enterprise/modules/ext/servlet3.1-jsp2.3-api.jar:/home/fpw/netbeans-12.0/netbeans/enterprise/modules/ext/glassfish-jspparser-4.0.jar:/home/fpw/netbeans-12.0/netbeans/enterprise/modules/ext/jstl-impl.jar:/home/fpw/netbeans-12.0/netbeans/enterprise/modules/ext/jsf-2_2/javax.faces.jar" />
    <property name="java.endorsed.dirs" value="/home/fpw/jdk-8u281-linux-x64/jdk1.8.0_281/jre/lib/endorsed" />
    <property name="libs.Comet-GlassFish-v3.maven-pom" value="" />
    <property name="libs.groovy-all.src" value="" />
    <property name="libs.junit_5.src" value="/home/fpw/netbeans-12.0/netbeans/platform/docs/junit-jupiter-api-5.6.0-sources.jar:/home/fpw/netbeans-12.0/netbeans/platform/docs/junit-jupiter-params-5.6.0-sources.jar:/home/fpw/netbeans-12.0/netbeans/platform/docs/junit-jupiter-engine-5.6.0-sources.jar" />
    <property name="netbeans.dynamic.classpath" value="/home/fpw/netbeans-12.0/netbeans/platform/core/org-openide-filesystems-compat8.jar:/home/fpw/netbeans-12.0/netbeans/platform/core/org-netbeans-libs-asm.jar:/home/fpw/netbeans-12.0/netbeans/platform/core/core.jar:/home/fpw/netbeans-12.0/netbeans/platform/core/org-openide-filesystems.jar:/home/fpw/netbeans-12.0/netbeans/platform/core/asm-commons-7.2.jar:/home/fpw/netbeans-12.0/netbeans/platform/core/asm-tree-7.2.jar:/home/fpw/netbeans-12.0/netbeans/platform/core/core-base.jar:/home/fpw/netbeans-12.0/netbeans/platform/core/asm-7.2.jar:/home/fpw/netbeans-12.0/netbeans/nb/core/org-netbeans-upgrader.jar:/home/fpw/netbeans-12.0/netbeans/nb/core/locale/core_nb.jar" />
    <property name="libs.maven-dependencies.classpath" value="/home/fpw/netbeans-12.0/netbeans/enterprise/modules/ext/javaee6-endorsed/javax.annotation.jar:/home/fpw/netbeans-12.0/netbeans/enterprise/modules/ext/javaee6-endorsed/jaxb-api-osgi.jar:/home/fpw/netbeans-12.0/netbeans/enterprise/modules/ext/javaee6-endorsed/webservices-api-osgi.jar" />
    <property name="java.vm.specification.version" value="1.8" />
    <property name="plugin.manager.check.updates" value="false" />
    <property name="libs.primefaces.classpath" value="/home/fpw/netbeans-12.0/netbeans/enterprise/modules/ext/primefaces/primefaces-5.0.jar" />
    <property name="libs.javaee-api-6.0.classpath" value="/home/fpw/netbeans-12.0/netbeans/enterprise/modules/ext/javaee-api-6.0.jar" />
    <property name="libs.groovy-all.maven-pom" value="" />
    <property name="netbeans.productversion" value="Apache NetBeans IDE 12.0" />
    <property name="libs.jaxws21.src" value="" />
    <property name="do.war.package.with.custom.manifest" value="true" />
    <property name="libs.spring-webmvc5.0.classpath" value="/home/fpw/netbeans-12.0/netbeans/java/modules/ext/spring-5/spring-webmvc-5.2.2.RELEASE.jar" />
    <property name="netbeans.autoupdate.language" value="en" />
    <property name="java.vendor" value="Oracle Corporation" />
    <property name="libs.javaee-api-6.0.javadoc" value="/home/fpw/netbeans-12.0/netbeans/enterprise/docs/javaee-doc-api.jar" />
    <property name="sun.font.fontmanager" value="sun.awt.X11FontManager" />
    <property name="javac.debug" value="true" />
    <property name="javadoc.splitindex" value="true" />
    <property name="file.separator" value="/" />
    <property name="libs.Java-EE-GlassFish-v3-Prelude.maven-pom" value="" />
    <property name="libs.junit_4.maven-pom" value="" />
    <property name="resource.dir" value="setup" />
    <property name="javac.test.processorpath" value="CustomLibs/javaee-api-8.0.jar:CustomLibs/json-taglib-0.4.1.jar:CustomLibs/postgresql-42.2.23.jar:build/web/WEB-INF/classes:/home/fpw/netbeans-12.0/netbeans/platform/modules/ext/junit-4.12.jar" />
    <property name="netbeans.buildnumber" value="12.0-u2-ba34c2dabd3091a6ee93cfde08a653816a7e19ea" />
    <property name="libs.JWSAntTasks.javadoc" value="" />
    <property name="build.generated.sources.dir" value="build/generated-sources" />
    <property name="libs.eclipselinkmodelgen.classpath" value="/home/fpw/netbeans-12.0/netbeans/java/modules/ext/eclipselink/org.eclipse.persistence.jpa.modelgen.processor-2.5.2.jar" />
    <property name="libs.javaee-endorsed-api-7.0.src" value="" />
    <property name="sun.java.launcher" value="SUN_STANDARD" />
    <property name="libs.jaxb.javadoc" value="/home/fpw/netbeans-12.0/netbeans/ide/docs/jaxb-api-doc.jar" />
    <property name="libs.struts.classpath" value="/home/fpw/netbeans-12.0/netbeans/enterprise/modules/ext/struts/antlr-2.7.2.jar:/home/fpw/netbeans-12.0/netbeans/enterprise/modules/ext/struts/bsf-2.3.0.jar:/home/fpw/netbeans-12.0/netbeans/enterprise/modules/ext/struts/commons-beanutils-1.8.0.jar:/home/fpw/netbeans-12.0/netbeans/enterprise/modules/ext/struts/commons-chain-1.2.jar:/home/fpw/netbeans-12.0/netbeans/enterprise/modules/ext/struts/commons-digester-1.8.jar:/home/fpw/netbeans-12.0/netbeans/enterprise/modules/ext/struts/commons-fileupload-1.1.1.jar:/home/fpw/netbeans-12.0/netbeans/enterprise/modules/ext/struts/commons-io-1.1.jar:/home/fpw/netbeans-12.0/netbeans/enterprise/modules/ext/struts/commons-logging-1.0.4.jar:/home/fpw/netbeans-12.0/netbeans/enterprise/modules/ext/struts/commons-validator-1.3.1.jar:/home/fpw/netbeans-12.0/netbeans/enterprise/modules/ext/struts/jstl-1.0.2.jar:/home/fpw/netbeans-12.0/netbeans/enterprise/modules/ext/struts/oro-2.0.8.jar:/home/fpw/netbeans-12.0/netbeans/enterprise/modules/ext/struts/standard-1.0.6.jar:/home/fpw/netbeans-12.0/netbeans/enterprise/modules/ext/struts/struts-core-1.3.10.jar:/home/fpw/netbeans-12.0/netbeans/enterprise/modules/ext/struts/struts-el-1.3.10.jar:/home/fpw/netbeans-12.0/netbeans/enterprise/modules/ext/struts/struts-extras-1.3.10.jar:/home/fpw/netbeans-12.0/netbeans/enterprise/modules/ext/struts/struts-faces-1.3.10.jar:/home/fpw/netbeans-12.0/netbeans/enterprise/modules/ext/struts/struts-mailreader-dao-1.3.10.jar:/home/fpw/netbeans-12.0/netbeans/enterprise/modules/ext/struts/struts-scripting-1.3.10.jar:/home/fpw/netbeans-12.0/netbeans/enterprise/modules/ext/struts/struts-taglib-1.3.10.jar:/home/fpw/netbeans-12.0/netbeans/enterprise/modules/ext/struts/struts-tiles-1.3.10.jar" />
    <property name="application.args.param" value="" />
    <property name="ant.home" value="/home/fpw/netbeans-12.0/netbeans/extide/ant" />
    <property name="libs.junit_4.src" value="/home/fpw/netbeans-12.0/netbeans/platform/docs/junit-4.12-sources.jar" />
    <property name="libs.testng.classpath" value="/home/fpw/netbeans-12.0/netbeans/platform/modules/ext/testng-6.8.1-dist.jar" />
    <property name="conf.dir" value="src/conf" />
    <property name="webinf.dir" value="web/WEB-INF" />
    <property name="libs.absolutelayout.maven-pom" value="" />
    <property name="ant.java.version" value="1.8" />
    <property name="java.library.path" value="/usr/java/packages/lib/amd64:/usr/lib64:/lib64:/lib:/usr/lib" />
    <property name="javadoc.author" value="false" />
    <property name="libs.metro.maven-pom" value="" />
    <property name="libs.EclipseLink-GlassFish-v3.src" value="" />
    <property name="java.util.logging.config.class" value="org.netbeans.core.startup.TopLogging" />
    <property name="libs.spring-framework400.src" value="" />
    <property name="libs.PostgreSQLDriver.src" value="" />
    <property name="libs.spring-framework500.javadoc" value="" />
    <property name="sun.arch.data.model" value="64" />
    <property name="basedir" value="/home/fpw/NetBeansProjects/ProgettoBalneare" />
    <property name="libs.jpa20-persistence.maven-pom" value="" />
    <property name="jar.compress" value="false" />
    <property name="libs.javaee-web-api-7.0.classpath" value="/home/fpw/netbeans-12.0/netbeans/enterprise/modules/ext/javaee-web-api-7.0.jar" />
    <property name="path.separator" value=":" />
    <property name="dist.war" value="dist/ProgettoBalneare.war" />
    <property name="libs.javaee-web-api-6.0.javadoc" value="/home/fpw/netbeans-12.0/netbeans/enterprise/docs/javaee-doc-api.jar" />
    <property name="ant.junit.enabletestlistenerevents" value="true" />
    <property name="sun.io.unicode.encoding" value="UnicodeLittle" />
    <property name="libs.jaxws21.classpath" value="/home/fpw/netbeans-12.0/netbeans/ide/modules/ext/jaxb/jaxb-impl.jar:/home/fpw/netbeans-12.0/netbeans/ide/modules/ext/jaxb/jaxb-xjc.jar:/home/fpw/netbeans-12.0/netbeans/java/modules/ext/jaxws22/FastInfoset.jar:/home/fpw/netbeans-12.0/netbeans/java/modules/ext/jaxws22/gmbal-api-only.jar:/home/fpw/netbeans-12.0/netbeans/java/modules/ext/jaxws22/ha-api.jar:/home/fpw/netbeans-12.0/netbeans/java/modules/ext/jaxws22/javax.mail_1.4.jar:/home/fpw/netbeans-12.0/netbeans/java/modules/ext/jaxws22/jaxws-rt.jar:/home/fpw/netbeans-12.0/netbeans/java/modules/ext/jaxws22/jaxws-tools.jar:/home/fpw/netbeans-12.0/netbeans/java/modules/ext/jaxws22/management-api.jar:/home/fpw/netbeans-12.0/netbeans/java/modules/ext/jaxws22/mimepull.jar:/home/fpw/netbeans-12.0/netbeans/java/modules/ext/jaxws22/policy.jar:/home/fpw/netbeans-12.0/netbeans/java/modules/ext/jaxws22/saaj-impl.jar:/home/fpw/netbeans-12.0/netbeans/java/modules/ext/jaxws22/stax-ex.jar:/home/fpw/netbeans-12.0/netbeans/java/modules/ext/jaxws22/stax2-api.jar:/home/fpw/netbeans-12.0/netbeans/java/modules/ext/jaxws22/streambuffer.jar:/home/fpw/netbeans-12.0/netbeans/java/modules/ext/jaxws22/woodstox-core-asl.jar:/home/fpw/netbeans-12.0/netbeans/java/modules/ext/jaxws22/api/jaxws-api.jar:/home/fpw/netbeans-12.0/netbeans/java/modules/ext/jaxws22/api/jsr181-api.jar:/home/fpw/netbeans-12.0/netbeans/java/modules/ext/jaxws22/api/javax.annotation.jar:/home/fpw/netbeans-12.0/netbeans/java/modules/ext/jaxws22/api/saaj-api.jar:/home/fpw/netbeans-12.0/netbeans/ide/modules/ext/jaxb/activation.jar:/home/fpw/netbeans-12.0/netbeans/ide/modules/ext/jaxb/api/jaxb-api.jar" />
    <property name="libs.struts.src" value="" />
    <property name="apple.awt.graphics.UseQuartz" value="true" />
    <property name="user.language" value="en" />
    <property name="j2ee.platform.classpath" value="/home/fpw/GlassFish_Server/glassfish/modules/bean-validator.jar:/home/fpw/GlassFish_Server/glassfish/modules/cdi-api.jar:/home/fpw/GlassFish_Server/glassfish/modules/endorsed/grizzly-npn-bootstrap.jar:/home/fpw/GlassFish_Server/glassfish/modules/endorsed/jakarta.annotation-api.jar:/home/fpw/GlassFish_Server/glassfish/modules/endorsed/jakarta.xml.bind-api.jar:/home/fpw/GlassFish_Server/glassfish/modules/endorsed/webservices-api-osgi.jar:/home/fpw/GlassFish_Server/glassfish/modules/javax.batch-api.jar:/home/fpw/GlassFish_Server/glassfish/modules/jaxb-osgi.jar:/home/fpw/GlassFish_Server/glassfish/modules/webservices-osgi.jar:/home/fpw/GlassFish_Server/glassfish/modules/weld-osgi-bundle.jar:/home/fpw/GlassFish_Server/mq/lib/jaxm-api.jar" />
    <property name="testng.mode" value="testng" />
    <property name="libs.JAXB-ENDORSED.maven-pom" value="" />
    <property name="libs.eclipselink.maven-pom" value="" />
    <property name="build.meta.inf.dir" value="build/web/META-INF" />
    <property name="org.netbeans.io.suspend" value="0" />
    <property name="persistence.xml.dir" value="src/conf" />
    <property name="test.binaryincludes" value="&lt;nothing&gt;" />
    <property name="libs.primefaces.javadoc" value="" />
    <property name="ant.file.type.ProgettoBalneare" value="file" />
    <property name="libs.spring-framework300.maven-pom" value="" />
    <property name="run.test.classpath" value="CustomLibs/javaee-api-8.0.jar:CustomLibs/json-taglib-0.4.1.jar:CustomLibs/postgresql-42.2.23.jar:build/web/WEB-INF/classes:/home/fpw/netbeans-12.0/netbeans/platform/modules/ext/junit-4.12.jar:build/test/classes" />
    <property name="ant.project.invoked-targets" value="test" />
    <property name="test.binaryexcludes" value="" />
    <property name="sun.java2d.dpiaware" value="true" />
    <property name="jspc.schemas" value="/resources/schemas/" />
    <property name="https.nonProxyHosts" value="localhost|127.0.0.1|ubuntu" />
    <property name="libs.PostgreSQLDriver.maven-pom" value="" />
    <property name="java.class.version" value="52.0" />
    <property name="libs.JAVADB_DRIVER_LABEL.classpath" value="/home/fpw/GlassFish_Server/javadb/lib/derby.jar:/home/fpw/GlassFish_Server/javadb/lib/derbyclient.jar:/home/fpw/GlassFish_Server/javadb/lib/derbynet.jar" />
    <property name="libs.eclipselink.javadoc" value="/home/fpw/netbeans-12.0/netbeans/java/modules/ext/docs/javax.persistence-2.1.0-doc.zip" />
    <property name="libs.jsp-compilation.maven-pom" value="" />
    <property name="user.properties.file" value="/home/fpw/.netbeans/12.0/build.properties" />
    <property name="build.web.dir" value="build/web" />
    <property name="libs.javac-api.maven-pom" value="" />
    <property name="file.encoding.pkg" value="sun.io" />
    <property name="sun.cpu.endian" value="little" />
    <property name="libs.JAXB-ENDORSED.javadoc" value="" />
    <property name="j2ee.server.middleware" value="/home/fpw/GlassFish_Server" />
    <property name="libs.JWSAntTasks.classpath" value="/home/fpw/netbeans-12.0/netbeans/java/ant/extra/org-netbeans-modules-javawebstart-anttasks.jar" />
    <property name="libs.spring-webmvc4.0.maven-pom" value="" />
    <property name="libs.spring-framework300.src" value="" />
    <property name="libs.jstl.src" value="" />
    <property name="file.reference.json-taglib-0.4.1.jar" value="CustomLibs/json-taglib-0.4.1.jar" />
    <property name="empty.dir" value="/home/fpw/NetBeansProjects/ProgettoBalneare/build/empty" />
    <property name="display.browser" value="true" />
    <property name="test.binarytestincludes" value="" />
    <property name="javadoc.preview" value="true" />
    <property name="libs.jpa20-persistence.javadoc" value="/home/fpw/netbeans-12.0/netbeans/java/modules/ext/docs/javax.persistence-2.1.0-doc.zip" />
    <property name="java.home" value="/home/fpw/jdk-8u281-linux-x64/jdk1.8.0_281/jre" />
    <property name="libs.jsp-compilation.src" value="" />
    <property name="debug.test.classpath" value="CustomLibs/javaee-api-8.0.jar:CustomLibs/json-taglib-0.4.1.jar:CustomLibs/postgresql-42.2.23.jar:build/web/WEB-INF/classes:/home/fpw/netbeans-12.0/netbeans/platform/modules/ext/junit-4.12.jar:build/test/classes" />
    <property name="libs.javaee-api-6.0.src" value="" />
    <property name="netbeans.importclass" value="org.netbeans.upgrade.AutoUpgrade" />
    <property name="ant.project.default-target" value="default" />
    <property name="annotation.processing.run.all.processors" value="true" />
    <property name="libs.PostgreSQLDriver.javadoc" value="" />
    <property name="libs.restlib.classpath" value="/home/fpw/netbeans-12.0/netbeans/enterprise/modules/ext/jersey2/ext/asm-all-repackaged-2.2.0-b21.jar:/home/fpw/netbeans-12.0/netbeans/enterprise/modules/ext/jersey2/ext/cglib-2.2.0-b21.jar:/home/fpw/netbeans-12.0/netbeans/enterprise/modules/ext/jersey2/ext/guava-14.0.1.jar:/home/fpw/netbeans-12.0/netbeans/enterprise/modules/ext/jersey2/ext/hk2-api-2.2.0-b21.jar:/home/fpw/netbeans-12.0/netbeans/enterprise/modules/ext/jersey2/ext/hk2-locator-2.2.0-b21.jar:/home/fpw/netbeans-12.0/netbeans/enterprise/modules/ext/jersey2/ext/hk2-utils-2.2.0-b21.jar:/home/fpw/netbeans-12.0/netbeans/enterprise/modules/ext/jersey2/ext/javax.annotation-api-1.2.jar:/home/fpw/netbeans-12.0/netbeans/enterprise/modules/ext/jersey2/ext/javax.inject-2.2.0-b21.jar:/home/fpw/netbeans-12.0/netbeans/enterprise/modules/ext/jersey2/ext/javax.servlet-api-3.0.1.jar:/home/fpw/netbeans-12.0/netbeans/enterprise/modules/ext/jersey2/ext/jaxb-api-2.2.7.jar:/home/fpw/netbeans-12.0/netbeans/enterprise/modules/ext/jersey2/ext/jersey-entity-filtering-2.5.1.jar:/home/fpw/netbeans-12.0/netbeans/enterprise/modules/ext/jersey2/ext/jersey-media-moxy-2.5.1.jar:/home/fpw/netbeans-12.0/netbeans/enterprise/modules/ext/jersey2/ext/org.osgi.core-4.2.0.jar:/home/fpw/netbeans-12.0/netbeans/enterprise/modules/ext/jersey2/ext/osgi-resource-locator-1.0.1.jar:/home/fpw/netbeans-12.0/netbeans/enterprise/modules/ext/jersey2/ext/persistence-api-1.0.jar:/home/fpw/netbeans-12.0/netbeans/enterprise/modules/ext/jersey2/ext/validation-api-1.1.0.Final.jar:/home/fpw/netbeans-12.0/netbeans/enterprise/modules/ext/jersey2/jersey-client.jar:/home/fpw/netbeans-12.0/netbeans/enterprise/modules/ext/jersey2/jersey-common.jar:/home/fpw/netbeans-12.0/netbeans/enterprise/modules/ext/jersey2/jersey-container-servlet.jar:/home/fpw/netbeans-12.0/netbeans/enterprise/modules/ext/jersey2/jersey-container-servlet-core.jar:/home/fpw/netbeans-12.0/netbeans/enterprise/modules/ext/jersey2/jersey-server.jar:/home/fpw/netbeans-12.0/netbeans/java/modules/ext/eclipselink/org.eclipse.persistence.core-2.5.2.jar:/home/fpw/netbeans-12.0/netbeans/java/modules/ext/eclipselink/org.eclipse.persistence.asm-2.5.2.jar:/home/fpw/netbeans-12.0/netbeans/java/modules/ext/eclipselink/org.eclipse.persistence.antlr-2.5.2.jar:/home/fpw/netbeans-12.0/netbeans/java/modules/ext/eclipselink/org.eclipse.persistence.jpa-2.5.2.jar:/home/fpw/netbeans-12.0/netbeans/java/modules/ext/eclipselink/org.eclipse.persistence.jpa.jpql-2.5.2.jar" />
    <property name="j2ee.platform.wsgen.classpath" value="/home/fpw/GlassFish_Server/glassfish/modules/webservices-osgi.jar:/home/fpw/GlassFish_Server/glassfish/modules/endorsed/webservices-api-osgi.jar:/home/fpw/GlassFish_Server/glassfish/modules/jaxb-osgi.jar" />
    <property name="netbeans.extbrowser.manual_chrome_plugin_install" value="yes" />
    <property name="http.nonProxyHosts" value="localhost|127.0.0.1|ubuntu" />
    <property name="libs.junit_4.javadoc" value="/home/fpw/netbeans-12.0/netbeans/platform/docs/junit-4.12-javadoc.jar" />
    <property name="libs.EclipseLink-GlassFish-v3.maven-pom" value="" />
    <property name="libs.javaee-web-api-6.0.maven-pom" value="" />
    <property name="j2ee.deploy.on.save" value="true" />
    <property name="jna.boot.library.name" value="jnidispatch-nb" />
    <property name="libs.javaee-api-7.0.classpath" value="/home/fpw/netbeans-12.0/netbeans/enterprise/modules/ext/javaee-api-7.0.jar" />
    <property name="sun.awt.datatransfer.timeout" value="1000" />
    <property name="libs.spring-webmvc3.0.javadoc" value="" />
    <property name="annotation.processing.enabled.in.editor" value="true" />
    <property name="nb.native.filechooser" value="false" />
    <property name="libs.restapi.src" value="" />
    <property name="sun.management.compiler" value="HotSpot 64-Bit Tiered Compilers" />
    <property name="javac.deprecation" value="false" />
    <property name="javadoc.use" value="true" />
    <property name="client.urlPart" value="" />
    <property name="sun.java2d.noddraw" value="true" />
    <property name="libs.jsp-compiler.classpath" value="/home/fpw/netbeans-12.0/netbeans/enterprise/ant/extra/jspcompile.jar" />
    <property name="dist.ear.war" value="dist/ProgettoBalneare.war" />
    <property name="javac.processorpath" value="CustomLibs/javaee-api-8.0.jar:CustomLibs/json-taglib-0.4.1.jar:CustomLibs/postgresql-42.2.23.jar" />
    <property name="libs.hamcrest.maven-pom" value="" />
    <property name="libs.junit_5.classpath" value="/home/fpw/netbeans-12.0/netbeans/platform/modules/ext/junit-jupiter-api-5.6.0.jar:/home/fpw/netbeans-12.0/netbeans/platform/modules/ext/junit-jupiter-params-5.6.0.jar:/home/fpw/netbeans-12.0/netbeans/platform/modules/ext/junit-jupiter-engine-5.6.0.jar" />
    <property name="javac.compilerargs" value="" />
    <property name="ant.file" value="/home/fpw/NetBeansProjects/ProgettoBalneare/build.xml" />
    <property name="libs.jsf12.classpath" value="/home/fpw/netbeans-12.0/netbeans/enterprise/modules/ext/jsf-1_2/jsf-api.jar:/home/fpw/netbeans-12.0/netbeans/enterprise/modules/ext/jsf-1_2/jsf-impl.jar" />
    <property name="libs.Java-EE-GlassFish-v3-Prelude.classpath" value="/home/fpw/GlassFish_Server/glassfish/modules/endorsed/grizzly-npn-bootstrap.jar:/home/fpw/GlassFish_Server/glassfish/modules/endorsed/webservices-api-osgi.jar:/home/fpw/GlassFish_Server/glassfish/modules/endorsed/jakarta.xml.bind-api.jar:/home/fpw/GlassFish_Server/glassfish/modules/endorsed/jakarta.annotation-api.jar:/home/fpw/GlassFish_Server/glassfish/modules/webservices-osgi.jar:/home/fpw/GlassFish_Server/glassfish/modules/bean-validator.jar:/home/fpw/GlassFish_Server/glassfish/modules/cdi-api.jar:/home/fpw/GlassFish_Server/glassfish/modules/javax.batch-api.jar:/home/fpw/GlassFish_Server/glassfish/modules/weld-osgi-bundle.jar:/home/fpw/GlassFish_Server/glassfish/modules/jaxb-osgi.jar:/home/fpw/GlassFish_Server/mq/lib/jaxm-api.jar" />
    <property name="has.custom.manifest" value="true" />
    <property name="libs.jstl.maven-pom" value="" />
    <property name="libs.restapi.maven-pom" value="" />
    <property name="java.vm.specification.vendor" value="Oracle Corporation" />
    <property name="org.openide.major.version" value="IDE/1" />
    <property name="ant.file.ProgettoBalneare" value="/home/fpw/NetBeansProjects/ProgettoBalneare/build.xml" />
    <property name="java.vm.name" value="Java HotSpot(TM) 64-Bit Server VM" />
    <property name="do.display.browser.debug" value="true" />
    <property name="ant.file.ProgettoBalneare-impl" value="/home/fpw/NetBeansProjects/ProgettoBalneare/nbproject/build-impl.xml" />
    <property name="netbeans.user" value="/home/fpw/.netbeans/12.0" />
    <property name="javadoc.additionalparam" value="" />
    <property name="java.io.tmpdir" value="/tmp" />
    <property name="java.vendor.url" value="http://java.oracle.com/" />
    <property name="endorsed.classpath.cmd.line.arg" value="" />
    <property name="jna.loaded" value="true" />
    <property name="junit.available" value="true" />
    <property name="j2ee.platform.wsit.classpath" value="" />
    <property name="libs.javaee-web-api-8.0.classpath" value="/home/fpw/netbeans-12.0/netbeans/enterprise/modules/ext/javaee-web-api-8.0.jar" />
    <property name="compile.jsps" value="false" />
    <property name="libs.jsp-compiler.src" value="" />
    <property name="deploy.ant.properties.file" value="/home/fpw/.netbeans/12.0/config/GlassFishEE6/Properties/gfv31186984066.properties" />
    <property name="j2ee.platform.wscompile.classpath" value="/home/fpw/GlassFish_Server/glassfish/modules/webservices-osgi.jar" />
    <property name="sun.boot.library.path" value="/home/fpw/jdk-8u281-linux-x64/jdk1.8.0_281/jre/lib/amd64" />
    <property name="have.sources" value="true" />
    <property name="libs.hamcrest.javadoc" value="" />
    <property name="debug.classpath" value="build/web/WEB-INF/classes:CustomLibs/javaee-api-8.0.jar:CustomLibs/json-taglib-0.4.1.jar:CustomLibs/postgresql-42.2.23.jar" />
    <property name="war.name" value="ProgettoBalneare.war" />
    <property name="javadoc.private" value="false" />
    <property name="test.src.dir" value="test" />
    <property name="libs.jsf20.classpath" value="/home/fpw/netbeans-12.0/netbeans/enterprise/modules/ext/jsf-2_2/javax.faces.jar" />
    <property name="ap.processors.internal" value="" />
    <property name="libs.javaee-api-8.0.javadoc" value="/home/fpw/netbeans-12.0/netbeans/enterprise/docs/javaee-doc-api.jar" />
    <property name="javadoc.encoding.used" value="UTF-8" />
    <property name="libs.spring-framework400.maven-pom" value="" />
    <property name="java.runtime.name" value="Java(TM) SE Runtime Environment" />
    <property name="ant.project.name" value="ProgettoBalneare" />
    <property name="libs.spring-webmvc5.0.src" value="" />
    <property name="netbeans.hash.code" value="unique=NB_EXTIDE_JAVA_PHP_WEBCOMMON_WEBEE0b0c52e58-bd9e-406c-b4c9-e319c3f1c39b_a1059622-9daf-444e-89e9-72b086e72338" />
    <property name="netbeans.default_userdir_root" value="/home/fpw/.netbeans" />
    <property name="libs.jsp-compilation-syscp.maven-pom" value="" />
    <property name="sun.cpu.isalist" value="" />
    <property name="libs.spring-framework400.javadoc" value="" />
    <property name="libs.CopyLibs.javadoc" value="" />
    <property name="j2ee.server.domain" value="/home/fpw/GlassFish_Server/glassfish/domains/domain1" />
    <property name="org.openide.specification.version" value="6.2" />
    <property name="j2ee.server.home" value="/home/fpw/GlassFish_Server/glassfish" />
    <property name="libs.maven-dependencies.maven-pom" value="" />
    <property name="user.home" value="/home/fpw" />
    <property name="annotation.processing.processors.list" value="" />
    <property name="libs.primefaces.maven-pom" value="" />
    <property name="libs.javaee-api-6.0.maven-pom" value="" />
    <property name="libs.JWSAntTasks.src" value="" />
    <property name="libs.CopyLibs.maven-pom" value="" />
    <property name="libs.spring-framework300.javadoc" value="" />
    <property name="libs.absolutelayout.javadoc" value="" />
    <property name="java.specification.name" value="Java Platform API Specification" />
    <property name="libs.spring-webmvc5.0.maven-pom" value="" />
    <property name="no.dist.ear.dir" value="true" />
    <property name="java.specification.vendor" value="Oracle Corporation" />
    <property name="libs.javac-api.classpath" value="" />
    <property name="java.version" value="1.8.0_281" />
    <property name="run.jvmargs.ide" value="" />
    <property name="javadoc.version" value="false" />
    <property name="org.openide.version" value="deprecated" />
    <property name="source.encoding" value="UTF-8" />
    <property name="ap.cmd.line.internal" value="" />
    <property name="libs.eclipselinkmodelgen.maven-pom" value="" />
    <property name="libs.jsp-compilation-syscp.javadoc" value="" />
    <property name="libs.javaee-web-api-8.0.src" value="" />
    <property name="libs.javaee-endorsed-api-7.0.classpath" value="/home/fpw/netbeans-12.0/netbeans/enterprise/modules/ext/javaee7-endorsed/javax.annotation-api.jar:/home/fpw/netbeans-12.0/netbeans/enterprise/modules/ext/javaee7-endorsed/javax.xml.soap-api.jar:/home/fpw/netbeans-12.0/netbeans/enterprise/modules/ext/javaee7-endorsed/jaxb-api-osgi.jar:/home/fpw/netbeans-12.0/netbeans/enterprise/modules/ext/javaee7-endorsed/jaxws-api.jar:/home/fpw/netbeans-12.0/netbeans/enterprise/modules/ext/javaee7-endorsed/jsr181-api.jar" />
    <property name="libs.eclipselinkmodelgen.javadoc" value="" />
    <property name="libs.metro.javadoc" value="/home/fpw/netbeans-12.0/netbeans/enterprise/docs/webservices-api-javadoc.jar:/home/fpw/netbeans-12.0/netbeans/enterprise/docs/webservices-extra-javadoc.jar:/home/fpw/netbeans-12.0/netbeans/enterprise/docs/webservices-extra-api-javadoc.jar:/home/fpw/netbeans-12.0/netbeans/enterprise/docs/webservices-rt-javadoc.jar:/home/fpw/netbeans-12.0/netbeans/enterprise/docs/webservices-tools-javadoc.jar" />
    <property name="libs.struts.maven-pom" value="" />
    <property name="jnidispatch.path" value="/home/fpw/.cache/JNA/temp/jna1169411102453258156.tmp" />
    <property name="netbeans.home+have.tests" value="true" />
    <property name="libs.testng.maven-pom" value="" />
    <property name="libs.jaxb.src" value="" />
    <property name="libs.jaxb.classpath" value="/home/fpw/netbeans-12.0/netbeans/ide/modules/ext/jaxb/jaxb-impl.jar:/home/fpw/netbeans-12.0/netbeans/ide/modules/ext/jaxb/jaxb-xjc.jar:/home/fpw/netbeans-12.0/netbeans/ide/modules/ext/jaxb/jaxb1-impl.jar:/home/fpw/netbeans-12.0/netbeans/ide/modules/ext/jaxb/activation.jar:/home/fpw/netbeans-12.0/netbeans/ide/modules/ext/jaxb/api/jaxb-api.jar" />
    <property name="dist.javadoc.dir" value="dist/javadoc" />
    <property name="libs.spring-webmvc3.0.classpath" value="" />
    <property name="jspc.dtds" value="/resources/dtds/" />
    <property name="libs.javaee-web-api-7.0.maven-pom" value="" />
    <property name="libs.restlib.src" value="" />
    <property name="javac.source" value="1.8" />
    <property name="build.generated.dir" value="build/generated" />
    <property name="line.separator" value="&#xa;" />
    <property name="libs.javaee-api-8.0.classpath" value="/home/fpw/netbeans-12.0/netbeans/enterprise/modules/ext/javaee-api-8.0.jar" />
    <property name="java.specification.version" value="1.8" />
    <property name="java.vm.info" value="mixed mode" />
    <property name="libs.jaxws21.maven-pom" value="" />
    <property name="nb.junit.batch" value="true" />
    <property name="sun.boot.class.path" value="/home/fpw/jdk-8u281-linux-x64/jdk1.8.0_281/jre/lib/resources.jar:/home/fpw/jdk-8u281-linux-x64/jdk1.8.0_281/jre/lib/rt.jar:/home/fpw/jdk-8u281-linux-x64/jdk1.8.0_281/jre/lib/sunrsasign.jar:/home/fpw/jdk-8u281-linux-x64/jdk1.8.0_281/jre/lib/jsse.jar:/home/fpw/jdk-8u281-linux-x64/jdk1.8.0_281/jre/lib/jce.jar:/home/fpw/jdk-8u281-linux-x64/jdk1.8.0_281/jre/lib/charsets.jar:/home/fpw/jdk-8u281-linux-x64/jdk1.8.0_281/jre/lib/jfr.jar:/home/fpw/jdk-8u281-linux-x64/jdk1.8.0_281/jre/classes" />
    <property name="file.reference.javaee-api-8.0.jar" value="CustomLibs/javaee-api-8.0.jar" />
    <property name="javac.target" value="1.8" />
    <property name="build.test.classes.dir" value="build/test/classes" />
    <property name="src.dir" value="src/java" />
    <property name="annotation.processing.enabled" value="true" />
    <property name="libs.jsf20.src" value="" />
    <property name="libs.jpa20-persistence.src" value="" />
    <property name="libs.jsf12.src" value="" />
    <property name="j2ee.platform" value="1.8-web" />
    <property name="libs.JAVADB_DRIVER_LABEL.maven-pom" value="" />
    <property name="file.reference.postgresql-42.2.23.jar" value="CustomLibs/postgresql-42.2.23.jar" />
    <property name="libs.struts.javadoc" value="/home/fpw/netbeans-12.0/netbeans/enterprise/docs/struts-1.3.10-javadoc.zip" />
    <property name="ignore.failing.tests" value="true" />
    <property name="libs.Comet-GlassFish-v3.classpath" value="" />
    <property name="libs.maven-dependencies.src" value="" />
    <property name="web.docbase.dir" value="web" />
    <property name="libs.javaee-web-api-7.0.src" value="" />
    <property name="libs.primefaces.src" value="" />
    <property name="dist.dir" value="dist" />
    <property name="libs.groovy-all.javadoc" value="" />
    <property name="testng.debug.mode" value="" />
    <property name="libs.groovy-all.classpath" value="/home/fpw/netbeans-12.0/netbeans/groovy/modules/ext/groovy.jar:/home/fpw/netbeans-12.0/netbeans/groovy/modules/ext/groovy-ant.jar" />
    <property name="javac.fork" value="false" />
    <property name="java.awt.printerjob" value="sun.print.PSPrinterJob" />
    <property name="default.javac.source" value="1.8" />
    <property name="debug-transport-by-os" value="dt_socket" />
    <property name="sun.jnu.encoding" value="UTF-8" />
    <property name="build.test.results.dir" value="build/test/results" />
    <property name="java.runtime.version" value="1.8.0_281-b09" />
    <property name="jna.platform.library.path" value="/usr/lib/x86_64-linux-gnu:/lib/x86_64-linux-gnu:/usr/lib64:/lib64:/usr/lib:/lib:/usr/lib/x86_64-linux-gnu/libfakeroot" />
    <property name="do.tmp.war.package.with.custom.manifest" value="true" />
    <property name="default.javac.target" value="1.8" />
    <property name="libs.junit_4.classpath" value="/home/fpw/netbeans-12.0/netbeans/platform/modules/ext/junit-4.12.jar" />
    <property name="user.timezone" value="" />
    <property name="nb.junit.single" value="false" />
    <property name="libs.JAVADB_DRIVER_LABEL.javadoc" value="" />
    <property name="netbeans.dirs" value="/home/fpw/netbeans-12.0/netbeans/nb:/home/fpw/netbeans-12.0/netbeans/ergonomics:/home/fpw/netbeans-12.0/netbeans/ide:/home/fpw/netbeans-12.0/netbeans/extide:/home/fpw/netbeans-12.0/netbeans/java:/home/fpw/netbeans-12.0/netbeans/apisupport:/home/fpw/netbeans-12.0/netbeans/webcommon:/home/fpw/netbeans-12.0/netbeans/websvccommon:/home/fpw/netbeans-12.0/netbeans/enterprise:/home/fpw/netbeans-12.0/netbeans/mobility:/home/fpw/netbeans-12.0/netbeans/profiler:/home/fpw/netbeans-12.0/netbeans/python:/home/fpw/netbeans-12.0/netbeans/php:/home/fpw/netbeans-12.0/netbeans/identity:/home/fpw/netbeans-12.0/netbeans/harness:/home/fpw/netbeans-12.0/netbeans/cnd:/home/fpw/netbeans-12.0/netbeans/cndext:/home/fpw/netbeans-12.0/netbeans/dlight:/home/fpw/netbeans-12.0/netbeans/groovy:/home/fpw/netbeans-12.0/netbeans/extra:/home/fpw/netbeans-12.0/netbeans/javacard:/home/fpw/netbeans-12.0/netbeans/javafx:" />
    <property name="libs.spring-framework500.maven-pom" value="" />
    <property name="libs.jsf20.javadoc" value="/home/fpw/netbeans-12.0/netbeans/enterprise/docs/javaee-doc-api.jar" />
    <property name="libs.jstl.javadoc" value="/home/fpw/netbeans-12.0/netbeans/enterprise/docs/javaee-doc-api.jar" />
    <property name="java.ext.dirs" value="/home/fpw/jdk-8u281-linux-x64/jdk1.8.0_281/jre/lib/ext:/usr/java/packages/lib/ext" />
    <property name="libs.metro.src" value="" />
    <property name="libs.absolutelayout.classpath" value="/home/fpw/netbeans-12.0/netbeans/java/modules/ext/AbsoluteLayout.jar" />
    <property name="excludes" value="" />
    <property name="libs.metro.classpath" value="/home/fpw/netbeans-12.0/netbeans/ide/modules/ext/jaxb/activation.jar:/home/fpw/netbeans-12.0/netbeans/enterprise/modules/ext/metro/webservices-api.jar:/home/fpw/netbeans-12.0/netbeans/enterprise/modules/ext/metro/webservices-extra-api.jar:/home/fpw/netbeans-12.0/netbeans/enterprise/modules/ext/metro/webservices-extra.jar:/home/fpw/netbeans-12.0/netbeans/enterprise/modules/ext/metro/webservices-rt.jar:/home/fpw/netbeans-12.0/netbeans/enterprise/modules/ext/metro/webservices-tools.jar" />
    <property name="libs.restlib.maven-pom" value="" />
    <property name="apple.laf.useScreenMenuBar" value="true" />
    <property name="java.class.path" value="/home/fpw/NetBeansProjects/ProgettoBalneare/CustomLibs/javaee-api-8.0.jar:/home/fpw/NetBeansProjects/ProgettoBalneare/CustomLibs/json-taglib-0.4.1.jar:/home/fpw/NetBeansProjects/ProgettoBalneare/CustomLibs/postgresql-42.2.23.jar:/home/fpw/NetBeansProjects/ProgettoBalneare/build/web/WEB-INF/classes:/home/fpw/netbeans-12.0/netbeans/platform/modules/ext/junit-4.12.jar:/home/fpw/NetBeansProjects/ProgettoBalneare/build/test/classes:/home/fpw/GlassFish_Server/glassfish/modules/bean-validator.jar:/home/fpw/GlassFish_Server/glassfish/modules/cdi-api.jar:/home/fpw/GlassFish_Server/glassfish/modules/endorsed/grizzly-npn-bootstrap.jar:/home/fpw/GlassFish_Server/glassfish/modules/endorsed/jakarta.annotation-api.jar:/home/fpw/GlassFish_Server/glassfish/modules/endorsed/jakarta.xml.bind-api.jar:/home/fpw/GlassFish_Server/glassfish/modules/endorsed/webservices-api-osgi.jar:/home/fpw/GlassFish_Server/glassfish/modules/javax.batch-api.jar:/home/fpw/GlassFish_Server/glassfish/modules/jaxb-osgi.jar:/home/fpw/GlassFish_Server/glassfish/modules/webservices-osgi.jar:/home/fpw/GlassFish_Server/glassfish/modules/weld-osgi-bundle.jar:/home/fpw/GlassFish_Server/mq/lib/jaxm-api.jar:/home/fpw/GlassFish_Server/glassfish/lib/embedded/glassfish-embedded-static-shell.jar:/home/fpw/netbeans-12.0/netbeans/extide/ant/lib/ant-launcher.jar:/home/fpw/netbeans-12.0/netbeans/extide/ant/lib/ant.jar:/home/fpw/netbeans-12.0/netbeans/extide/ant/lib/ant-junit.jar:/home/fpw/netbeans-12.0/netbeans/extide/ant/lib/ant-junit4.jar" />
    <property name="libs.absolutelayout.src" value="" />
    <property name="libs.jpa20-persistence.classpath" value="/home/fpw/netbeans-12.0/netbeans/java/modules/ext/eclipselink/javax.persistence-2.1.0.jar" />
    <property name="libs.junit_5.javadoc" value="/home/fpw/netbeans-12.0/netbeans/platform/docs/junit-jupiter-api-5.6.0-javadoc.jar:/home/fpw/netbeans-12.0/netbeans/platform/docs/junit-jupiter-params-5.6.0-javadoc.jar:/home/fpw/netbeans-12.0/netbeans/platform/docs/junit-jupiter-engine-5.6.0-javadoc.jar" />
    <property name="libs.spring-framework500.src" value="" />
    <property name="j2ee.server.type" value="gfv5ee8" />
    <property name="os.version" value="5.11.0-27-generic" />
    <property name="libs.EclipseLink-GlassFish-v3.javadoc" value="/home/fpw/netbeans-12.0/netbeans/enterprise/docs/javaee-doc-api.jar" />
    <property name="libs.javaee-api-7.0.maven-pom" value="" />
    <property name="sun.awt.enableExtraMouseButtons" value="true" />
    <property name="sun.desktop" value="gnome" />
    <property name="libs.Comet-GlassFish-v3.src" value="" />
    <property name="libs.restlib.javadoc" value="" />
    <property name="war.content.additional" value="" />
    <property name="libs.JAXB-ENDORSED.classpath" value="/home/fpw/netbeans-12.0/netbeans/ide/modules/ext/jaxb/api/jaxb-api.jar" />
    <property name="nb.internal.action.name" value="test" />
    <property name="j2ee.platform.embeddableejb.classpath" value="/home/fpw/GlassFish_Server/glassfish/lib/embedded/glassfish-embedded-static-shell.jar" />
    <property name="forceRedeploy" value="false" />
    <property name="libs.javaee-api-7.0.javadoc" value="/home/fpw/netbeans-12.0/netbeans/enterprise/docs/javaee-doc-api.jar" />
    <property name="libs.eclipselink.classpath" value="/home/fpw/netbeans-12.0/netbeans/java/modules/ext/eclipselink/org.eclipse.persistence.core-2.5.2.jar:/home/fpw/netbeans-12.0/netbeans/java/modules/ext/eclipselink/org.eclipse.persistence.asm-2.5.2.jar:/home/fpw/netbeans-12.0/netbeans/java/modules/ext/eclipselink/org.eclipse.persistence.antlr-2.5.2.jar:/home/fpw/netbeans-12.0/netbeans/java/modules/ext/eclipselink/org.eclipse.persistence.jpa-2.5.2.jar:/home/fpw/netbeans-12.0/netbeans/java/modules/ext/eclipselink/org.eclipse.persistence.jpa.jpql-2.5.2.jar:/home/fpw/netbeans-12.0/netbeans/java/modules/ext/eclipselink/javax.persistence-2.1.0.jar" />
    <property name="java.awt.graphicsenv" value="sun.awt.X11GraphicsEnvironment" />
    <property name="java.vm.vendor" value="Oracle Corporation" />
    <property name="libs.CopyLibs.classpath" value="/home/fpw/netbeans-12.0/netbeans/java/ant/extra/org-netbeans-modules-java-j2seproject-copylibstask.jar" />
    <property name="libs.javaee-api-8.0.src" value="" />
    <property name="libs.maven-dependencies.javadoc" value="/home/fpw/netbeans-12.0/netbeans/enterprise/docs/javaee-doc-api.jar" />
    <property name="libs.spring-framework300.classpath" value="/home/fpw/netbeans-12.0/netbeans/platform/modules/org-apache-commons-logging.jar:/home/fpw/netbeans-12.0/netbeans/java/modules/ext/cglib-2.2.jar:/home/fpw/netbeans-12.0/netbeans/java/modules/ext/spring-3.0/spring-aop-3.2.18.RELEASE.jar:/home/fpw/netbeans-12.0/netbeans/java/modules/ext/spring-3.0/spring-aspects-3.2.18.RELEASE.jar:/home/fpw/netbeans-12.0/netbeans/java/modules/ext/spring-3.0/spring-beans-3.2.18.RELEASE.jar:/home/fpw/netbeans-12.0/netbeans/java/modules/ext/spring-3.0/spring-context-3.2.18.RELEASE.jar:/home/fpw/netbeans-12.0/netbeans/java/modules/ext/spring-3.0/spring-context-support-3.2.18.RELEASE.jar:/home/fpw/netbeans-12.0/netbeans/java/modules/ext/spring-3.0/spring-core-3.2.18.RELEASE.jar:/home/fpw/netbeans-12.0/netbeans/java/modules/ext/spring-3.0/spring-expression-3.2.18.RELEASE.jar:/home/fpw/netbeans-12.0/netbeans/java/modules/ext/spring-3.0/spring-instrument-3.2.18.RELEASE.jar:/home/fpw/netbeans-12.0/netbeans/java/modules/ext/spring-3.0/spring-instrument-tomcat-3.2.18.RELEASE.jar:/home/fpw/netbeans-12.0/netbeans/java/modules/ext/spring-3.0/spring-jdbc-3.2.18.RELEASE.jar:/home/fpw/netbeans-12.0/netbeans/java/modules/ext/spring-3.0/spring-jms-3.2.18.RELEASE.jar:/home/fpw/netbeans-12.0/netbeans/java/modules/ext/spring-3.0/spring-orm-3.2.18.RELEASE.jar:/home/fpw/netbeans-12.0/netbeans/java/modules/ext/spring-3.0/spring-oxm-3.2.18.RELEASE.jar:/home/fpw/netbeans-12.0/netbeans/java/modules/ext/spring-3.0/spring-struts-3.2.18.RELEASE.jar:/home/fpw/netbeans-12.0/netbeans/java/modules/ext/spring-3.0/spring-test-3.2.18.RELEASE.jar:/home/fpw/netbeans-12.0/netbeans/java/modules/ext/spring-3.0/spring-tx-3.2.18.RELEASE.jar:/home/fpw/netbeans-12.0/netbeans/java/modules/ext/spring-3.0/spring-web-3.2.18.RELEASE.jar:/home/fpw/netbeans-12.0/netbeans/java/modules/ext/spring-3.0/spring-webmvc-3.2.18.RELEASE.jar:/home/fpw/netbeans-12.0/netbeans/java/modules/ext/spring-3.0/spring-webmvc-portlet-3.2.18.RELEASE.jar" />
    <property name="libs.jsp-compiler.maven-pom" value="" />
    <property name="libs.junit_5.maven-pom" value="" />
    <property name="libs.hamcrest.src" value="" />
    <property name="libs.JAXB-ENDORSED.src" value="" />
    <property name="dist.archive.excludes" value="" />
    <property name="libs.testng.javadoc" value="/home/fpw/netbeans-12.0/netbeans/platform/docs/testng-6.8.1-javadoc.zip" />
    <property name="libs.PostgreSQLDriver.classpath" value="/home/fpw/netbeans-12.0/netbeans/ide/modules/ext/postgresql-42.2.10.jar" />
    <property name="libs.jsf12.maven-pom" value="" />
    <property name="annotation.processing.source.output" value="build/generated-sources/ap-source-output" />
    <property name="libs.CopyLibs.src" value="" />
    <property name="build.dir" value="build" />
    <property name="libs.jsp-compilation.classpath" value="/home/fpw/netbeans-12.0/netbeans/extide/ant/lib/ant.jar:/home/fpw/netbeans-12.0/netbeans/enterprise/modules/ext/servlet3.1-jsp2.3-api.jar:/home/fpw/netbeans-12.0/netbeans/enterprise/modules/ext/glassfish-jspparser-4.0.jar:/home/fpw/netbeans-12.0/netbeans/enterprise/modules/ext/jsf-2_2/javax.faces.jar:/home/fpw/netbeans-12.0/netbeans/enterprise/modules/ext/jstl-api.jar:/home/fpw/netbeans-12.0/netbeans/extide/ant/lib/ant-launcher.jar" />
    <property name="libs.javaee-web-api-8.0.javadoc" value="/home/fpw/netbeans-12.0/netbeans/enterprise/docs/javaee-doc-api.jar" />
    <property name="j2ee.platform.is.jsr109" value="true" />
    <property name="ant.version" value="Apache Ant(TM) version 1.10.4 compiled on June 19 2018" />
    <property name="file.encoding" value="UTF-8" />
    <property name="build.classes.excludes" value="**/*.java,**/*.form" />
    <property name="jdkBug6558476" value="false" />
    <property name="javadoc.nonavbar" value="false" />
    <property name="libs.spring-webmvc4.0.classpath" value="/home/fpw/netbeans-12.0/netbeans/java/modules/ext/spring-4/spring-webmvc-4.3.25.RELEASE.jar" />
    <property name="platform.active" value="default_platform" />
    <property name="libs.javaee-web-api-8.0.maven-pom" value="" />
    <property name="awt.toolkit" value="sun.awt.X11.XToolkit" />
    <property name="war.ear.name" value="ProgettoBalneare.war" />
    <property name="ant.file.type.ProgettoBalneare-impl" value="file" />
    <property name="libs.javaee-web-api-7.0.javadoc" value="/home/fpw/netbeans-12.0/netbeans/enterprise/docs/javaee-doc-api.jar" />
  </properties>
  <testcase classname="it.unica.ProgettoBalneare.Repos.UserRepoTest" name="initializationError" time="0.006">
    <error message="org/hamcrest/SelfDescribing" type="java.lang.NoClassDefFoundError">java.lang.NoClassDefFoundError: org/hamcrest/SelfDescribing
	at java.lang.ClassLoader.defineClass1(Native Method)
	at java.lang.ClassLoader.defineClass(ClassLoader.java:756)
	at java.security.SecureClassLoader.defineClass(SecureClassLoader.java:142)
	at java.net.URLClassLoader.defineClass(URLClassLoader.java:468)
	at java.net.URLClassLoader.access$100(URLClassLoader.java:74)
	at java.net.URLClassLoader$1.run(URLClassLoader.java:369)
	at java.net.URLClassLoader$1.run(URLClassLoader.java:363)
	at java.security.AccessController.doPrivileged(Native Method)
	at java.net.URLClassLoader.findClass(URLClassLoader.java:362)
	at java.lang.ClassLoader.loadClass(ClassLoader.java:418)
	at sun.misc.Launcher$AppClassLoader.loadClass(Launcher.java:355)
	at java.lang.ClassLoader.loadClass(ClassLoader.java:351)
	at java.lang.reflect.Constructor.newInstance(Constructor.java:423)
Caused by: java.lang.ClassNotFoundException: org.hamcrest.SelfDescribing
	at java.net.URLClassLoader.findClass(URLClassLoader.java:382)
	at java.lang.ClassLoader.loadClass(ClassLoader.java:418)
	at sun.misc.Launcher$AppClassLoader.loadClass(Launcher.java:355)
	at java.lang.ClassLoader.loadClass(ClassLoader.java:351)
</error>
  </testcase>
  <system-out><![CDATA[]]></system-out>
  <system-err><![CDATA[]]></system-err>
</testsuite>
